<?xml version="1.0" encoding="UTF-8"?>
<testng-results ignored="0" total="2" passed="2" failed="0" skipped="0">
  <reporter-output>
  </reporter-output>
  <suite started-at="2025-09-20T18:06:55 IST" name="CrossBrowserSuite" finished-at="2025-09-20T18:07:39 IST" duration-ms="43819">
    <groups>
    </groups>
    <test started-at="2025-09-20T18:06:55 IST" name="EdgeTests" finished-at="2025-09-20T18:07:23 IST" duration-ms="28527">
      <class name="app.tfm.automation.tests.ui.SampleTest">
        <test-method is-config="true" signature="setUp(java.lang.String)[pri:0, instance:app.tfm.automation.tests.ui.SampleTest@2f666ebb]" started-at="2025-09-20T18:06:56 IST" name="setUp" finished-at="2025-09-20T18:06:57 IST" duration-ms="1457" status="PASS">
          <params>
            <param index="0">
              <value>
                <![CDATA[edge]]>
              </value>
            </param>
          </params>
          <reporter-output>
          </reporter-output>
        </test-method> <!-- setUp -->
        <test-method signature="checkOutFlow(java.lang.String,java.lang.String,java.lang.String,java.lang.String)[pri:0, instance:app.tfm.automation.tests.ui.SampleTest@2f666ebb]" started-at="2025-09-20T18:06:57 IST" name="checkOutFlow" data-provider="excel-data" finished-at="2025-09-20T18:07:23 IST" duration-ms="25988" status="PASS">
          <params>
            <param index="0">
              <value>
                <![CDATA[2124567891]]>
              </value>
            </param>
            <param index="1">
              <value>
                <![CDATA[1111]]>
              </value>
            </param>
            <param index="2">
              <value>
                <![CDATA[Truly Free Laundry Washing]]>
              </value>
            </param>
            <param index="3">
              <value>
                <![CDATA[Truly Free Laundry Washing Machine Cleaner - Wash & Cleans Front Load & Top Load Washers -Tub Cleaner & Deodorizer (1-Use)]]>
              </value>
            </param>
          </params>
          <reporter-output>
          </reporter-output>
        </test-method> <!-- checkOutFlow -->
        <test-method is-config="true" signature="tearDown()[pri:0, instance:app.tfm.automation.tests.ui.SampleTest@2f666ebb]" started-at="2025-09-20T18:07:23 IST" name="tearDown" finished-at="2025-09-20T18:07:23 IST" duration-ms="343" status="PASS">
          <reporter-output>
          </reporter-output>
        </test-method> <!-- tearDown -->
      </class> <!-- app.tfm.automation.tests.ui.SampleTest -->
    </test> <!-- EdgeTests -->
    <test started-at="2025-09-20T18:06:55 IST" name="ChromeTests" finished-at="2025-09-20T18:07:39 IST" duration-ms="43819">
      <class name="app.tfm.automation.tests.ui.SampleTest">
        <test-method is-config="true" signature="setUp(java.lang.String)[pri:0, instance:app.tfm.automation.tests.ui.SampleTest@730d2164]" started-at="2025-09-20T18:06:56 IST" name="setUp" finished-at="2025-09-20T18:06:57 IST" duration-ms="1407" status="PASS">
          <params>
            <param index="0">
              <value>
                <![CDATA[chrome]]>
              </value>
            </param>
          </params>
          <reporter-output>
          </reporter-output>
        </test-method> <!-- setUp -->
        <test-method signature="checkOutFlow(java.lang.String,java.lang.String,java.lang.String,java.lang.String)[pri:0, instance:app.tfm.automation.tests.ui.SampleTest@730d2164]" started-at="2025-09-20T18:06:57 IST" name="checkOutFlow" data-provider="excel-data" finished-at="2025-09-20T18:07:38 IST" duration-ms="41367" status="PASS">
          <params>
            <param index="0">
              <value>
                <![CDATA[2124567891]]>
              </value>
            </param>
            <param index="1">
              <value>
                <![CDATA[1111]]>
              </value>
            </param>
            <param index="2">
              <value>
                <![CDATA[Truly Free Laundry Washing]]>
              </value>
            </param>
            <param index="3">
              <value>
                <![CDATA[Truly Free Laundry Washing Machine Cleaner - Wash & Cleans Front Load & Top Load Washers -Tub Cleaner & Deodorizer (1-Use)]]>
              </value>
            </param>
          </params>
          <reporter-output>
          </reporter-output>
        </test-method> <!-- checkOutFlow -->
        <test-method is-config="true" signature="tearDown()[pri:0, instance:app.tfm.automation.tests.ui.SampleTest@730d2164]" started-at="2025-09-20T18:07:38 IST" name="tearDown" finished-at="2025-09-20T18:07:39 IST" duration-ms="314" status="PASS">
          <reporter-output>
          </reporter-output>
        </test-method> <!-- tearDown -->
      </class> <!-- app.tfm.automation.tests.ui.SampleTest -->
    </test> <!-- ChromeTests -->
  </suite> <!-- CrossBrowserSuite -->
</testng-results>
